[debug] [2022-03-25T14:58:14.020Z] ----------------------------------------------------------------------
[debug] [2022-03-25T14:58:14.022Z] Command:       C:\Program Files\nodejs\node.exe C:\Program Files\nodejs\node_modules\firebase-tools\lib\bin\firebase.js init
[debug] [2022-03-25T14:58:14.022Z] CLI Version:   10.5.0
[debug] [2022-03-25T14:58:14.022Z] Platform:      win32
[debug] [2022-03-25T14:58:14.023Z] Node Version:  v17.1.0
[debug] [2022-03-25T14:58:14.024Z] Time:          Fri Mar 25 2022 15:58:14 GMT+0100 (Central European Standard Time)
[debug] [2022-03-25T14:58:14.024Z] ----------------------------------------------------------------------
[debug] 
[debug] [2022-03-25T14:58:14.031Z] > command requires scopes: ["email","openid","https://www.googleapis.com/auth/cloudplatformprojects.readonly","https://www.googleapis.com/auth/firebase","https://www.googleapis.com/auth/cloud-platform"]
[debug] [2022-03-25T14:58:14.031Z] > authorizing via signed-in user (roemernaber@gmail.com)
[info] 
     ######## #### ########  ######## ########     ###     ######  ########
     ##        ##  ##     ## ##       ##     ##  ##   ##  ##       ##
     ######    ##  ########  ######   ########  #########  ######  ######
     ##        ##  ##    ##  ##       ##     ## ##     ##       ## ##
     ##       #### ##     ## ######## ########  ##     ##  ######  ########

You're about to initialize a Firebase project in this directory:

  C:\netflix\netflix-clone

Before we get started, keep in mind:

  * You are currently outside your home directory

